-------------------------------------------------------------------------------
Test set: TestSuite
-------------------------------------------------------------------------------
Tests run: 4, Failures: 1, Errors: 0, Skipped: 0, Time elapsed: 3.755 s <<< FAILURE! - in TestSuite
login(com.course.controller.SuiteTestCaseCenter)  Time elapsed: 0.596 s  <<< FAILURE!
java.lang.NullPointerException
	at com.course.controller.SuiteTestCaseCenter.login(SuiteTestCaseCenter.java:47)

