<?xml version="1.0" encoding="UTF-8"?>
<testsuite xmlns:xsi="http://www.w3.org/2001/XMLSchema-instance" xsi:noNamespaceSchemaLocation="https://maven.apache.org/surefire/maven-surefire-plugin/xsd/surefire-test-report.xsd" name="TestSuite" time="3.755" tests="4" errors="0" skipped="0" failures="1">
  <properties>
[...]
</properties>
  <testcase name="login" classname="com.course.controller.SuiteTestCaseCenter" time="0.596">
    <failure type="java.lang.NullPointerException">java.lang.NullPointerException
	at com.course.controller.SuiteTestCaseCenter.login(SuiteTestCaseCenter.java:47)
</failure>
    <system-out><![CDATA[12:48:05.963 [main] DEBUG org.apache.ibatis.logging.LogFactory - Logging initialized using 'class org.apache.ibatis.logging.slf4j.Slf4jImpl' adapter.
12:48:06.081 [main] DEBUG org.apache.ibatis.datasource.pooled.PooledDataSource - PooledDataSource forcefully closed/removed all connections.
12:48:06.082 [main] DEBUG org.apache.ibatis.datasource.pooled.PooledDataSource - PooledDataSource forcefully closed/removed all connections.
12:48:06.082 [main] DEBUG org.apache.ibatis.datasource.pooled.PooledDataSource - PooledDataSource forcefully closed/removed all connections.
12:48:06.083 [main] DEBUG org.apache.ibatis.datasource.pooled.PooledDataSource - PooledDataSource forcefully closed/removed all connections.
12:48:06.180 [main] DEBUG org.apache.ibatis.transaction.jdbc.JdbcTransaction - Opening JDBC Connection
12:48:06.379 [main] DEBUG org.apache.ibatis.datasource.pooled.PooledDataSource - Created connection 120478350.
12:48:06.380 [main] DEBUG org.apache.ibatis.transaction.jdbc.JdbcTransaction - Setting autocommit to false on JDBC Connection [com.mysql.cj.jdbc.ConnectionImpl@72e5a8e]
12:48:06.384 [main] DEBUG com.course.getHost - ==>  Preparing: select * from iot_host where id=? 
12:48:06.432 [main] DEBUG com.course.getHost - ==> Parameters: 1(Integer)
12:48:06.481 [main] DEBUG com.course.getHost - <==      Total: 1
[INFO ] 2019-07-21 12:48:06,485 method:com.course.utils.GetApi.getHost(GetApi.java:107)
iot_host表中hostId为1的查询结果是--->IotHost(id=1, dev_host=http://sirius-dev.ortiot.com, real_host=http://sirius.ortiot.com)
12:48:06.526 [main] DEBUG org.apache.ibatis.datasource.pooled.PooledDataSource - PooledDataSource forcefully closed/removed all connections.
12:48:06.526 [main] DEBUG org.apache.ibatis.datasource.pooled.PooledDataSource - PooledDataSource forcefully closed/removed all connections.
12:48:06.527 [main] DEBUG org.apache.ibatis.datasource.pooled.PooledDataSource - PooledDataSource forcefully closed/removed all connections.
12:48:06.528 [main] DEBUG org.apache.ibatis.datasource.pooled.PooledDataSource - PooledDataSource forcefully closed/removed all connections.
12:48:06.537 [main] DEBUG org.apache.ibatis.transaction.jdbc.JdbcTransaction - Opening JDBC Connection
12:48:06.550 [main] DEBUG org.apache.ibatis.datasource.pooled.PooledDataSource - Created connection 1058609221.
12:48:06.551 [main] DEBUG org.apache.ibatis.transaction.jdbc.JdbcTransaction - Setting autocommit to false on JDBC Connection [com.mysql.cj.jdbc.ConnectionImpl@3f191845]
12:48:06.553 [main] DEBUG com.course.getApi - ==>  Preparing: select * from iot_api where id=? 
12:48:06.554 [main] DEBUG com.course.getApi - ==> Parameters: 1(Integer)
12:48:06.567 [main] DEBUG com.course.getApi - <==      Total: 1
[INFO ] 2019-07-21 12:48:06,573 method:com.course.utils.GetApi.getApiInfo(GetApi.java:70)
iot_api表中id为1的查询结果是--->IotApi(id=1, api_address=/oauth/token, request_param={"captcha": "777", "client_id": "66be6617e34f012809acdecf2699ecd3", "client_secret": "f82360eced6981bf00260457ddd41321", "grant_type": "mobile","mobile": "15958175507",
  "plat": "pc"
}, request_method=POST, param_type=JSON, assert_value=token, case_name=手机号登录
)
12:48:06.684 [main] DEBUG org.apache.http.client.protocol.RequestAddCookies - CookieSpec selected: default
12:48:06.696 [main] DEBUG org.apache.http.client.protocol.RequestAuthCache - Auth cache not set in the context
12:48:06.698 [main] DEBUG org.apache.http.impl.conn.PoolingHttpClientConnectionManager - Connection request: [route: {}->http://sirius-dev.ortiot.com:80][total kept alive: 0; route allocated: 0 of 2; total allocated: 0 of 20]
12:48:06.767 [Finalizer] DEBUG org.apache.ibatis.datasource.pooled.PooledDataSource - PooledDataSource forcefully closed/removed all connections.
12:48:06.768 [Finalizer] DEBUG org.apache.ibatis.datasource.pooled.PooledDataSource - PooledDataSource forcefully closed/removed all connections.
12:48:06.783 [main] DEBUG org.apache.http.impl.conn.PoolingHttpClientConnectionManager - Connection leased: [id: 0][route: {}->http://sirius-dev.ortiot.com:80][total kept alive: 0; route allocated: 1 of 2; total allocated: 1 of 20]
12:48:06.786 [main] DEBUG org.apache.http.impl.execchain.MainClientExec - Opening connection {}->http://sirius-dev.ortiot.com:80
12:48:06.879 [main] DEBUG org.apache.http.impl.conn.DefaultHttpClientConnectionOperator - Connecting to sirius-dev.ortiot.com/115.159.182.200:80
12:48:06.896 [main] DEBUG org.apache.http.impl.conn.DefaultHttpClientConnectionOperator - Connection established 192.168.31.127:49602<->115.159.182.200:80
12:48:06.897 [main] DEBUG org.apache.http.impl.conn.DefaultManagedHttpClientConnection - http-outgoing-0: set socket timeout to 5000
12:48:06.898 [main] DEBUG org.apache.http.impl.execchain.MainClientExec - Executing request POST /oauth/token HTTP/1.1
12:48:06.899 [main] DEBUG org.apache.http.impl.execchain.MainClientExec - Target auth state: UNCHALLENGED
12:48:06.900 [main] DEBUG org.apache.http.impl.execchain.MainClientExec - Proxy auth state: UNCHALLENGED
12:48:06.902 [main] DEBUG org.apache.http.headers - http-outgoing-0 >> POST /oauth/token HTTP/1.1
12:48:06.902 [main] DEBUG org.apache.http.headers - http-outgoing-0 >> User-Agent: Mozilla/5.0 (Windows; U; Windows NT 5.1; en-US; rv:1.7.6)
12:48:06.902 [main] DEBUG org.apache.http.headers - http-outgoing-0 >> content-type: application/json
12:48:06.902 [main] DEBUG org.apache.http.headers - http-outgoing-0 >> X-SAAS-Token: eyJhbGciOiJIUzUxMiJ9.eyJzdWIiOiIxMjE3NiIsImV4cCI6MTU2MDg1OTMzNSwiY29vcGVyYXRvclVzZXJJZCI6MTIxNzYsImNvb3BlcmF0b3JJZCI6NCwicm9sZVR5cGUiOjF9.6oLJiRG8b8jTUlZgeGc6sArz_qsqv3V0FBy_rlsEZC-r9jyAa4sgHtAVTa8w_WBsDIXjofGjk5k86IwTkPoxbA
12:48:06.902 [main] DEBUG org.apache.http.headers - http-outgoing-0 >> Content-Length: 172
12:48:06.902 [main] DEBUG org.apache.http.headers - http-outgoing-0 >> Host: sirius-dev.ortiot.com
12:48:06.902 [main] DEBUG org.apache.http.headers - http-outgoing-0 >> Connection: Keep-Alive
12:48:06.902 [main] DEBUG org.apache.http.headers - http-outgoing-0 >> Accept-Encoding: gzip,deflate
12:48:06.903 [main] DEBUG org.apache.http.wire - http-outgoing-0 >> "POST /oauth/token HTTP/1.1[\r][\n]"
12:48:06.903 [main] DEBUG org.apache.http.wire - http-outgoing-0 >> "User-Agent: Mozilla/5.0 (Windows; U; Windows NT 5.1; en-US; rv:1.7.6)[\r][\n]"
12:48:06.903 [main] DEBUG org.apache.http.wire - http-outgoing-0 >> "content-type: application/json[\r][\n]"
12:48:06.903 [main] DEBUG org.apache.http.wire - http-outgoing-0 >> "X-SAAS-Token: eyJhbGciOiJIUzUxMiJ9.eyJzdWIiOiIxMjE3NiIsImV4cCI6MTU2MDg1OTMzNSwiY29vcGVyYXRvclVzZXJJZCI6MTIxNzYsImNvb3BlcmF0b3JJZCI6NCwicm9sZVR5cGUiOjF9.6oLJiRG8b8jTUlZgeGc6sArz_qsqv3V0FBy_rlsEZC-r9jyAa4sgHtAVTa8w_WBsDIXjofGjk5k86IwTkPoxbA[\r][\n]"
12:48:06.906 [main] DEBUG org.apache.http.wire - http-outgoing-0 >> "Content-Length: 172[\r][\n]"
12:48:06.907 [main] DEBUG org.apache.http.wire - http-outgoing-0 >> "Host: sirius-dev.ortiot.com[\r][\n]"
12:48:06.907 [main] DEBUG org.apache.http.wire - http-outgoing-0 >> "Connection: Keep-Alive[\r][\n]"
12:48:06.908 [main] DEBUG org.apache.http.wire - http-outgoing-0 >> "Accept-Encoding: gzip,deflate[\r][\n]"
12:48:06.908 [main] DEBUG org.apache.http.wire - http-outgoing-0 >> "[\r][\n]"
12:48:06.909 [main] DEBUG org.apache.http.wire - http-outgoing-0 >> "{"captcha":"777","client_id":"66be6617e34f012809acdecf2699ecd3","client_secret":"f82360eced6981bf00260457ddd41321","grant_type":"mobile","mobile":"15958175507","plat":"pc"}"
12:48:06.937 [main] DEBUG org.apache.http.wire - http-outgoing-0 << "HTTP/1.1 401 Unauthorized[\r][\n]"
12:48:06.937 [main] DEBUG org.apache.http.wire - http-outgoing-0 << "Server: Tengine[\r][\n]"
12:48:06.937 [main] DEBUG org.apache.http.wire - http-outgoing-0 << "Date: Sun, 21 Jul 2019 04:45:37 GMT[\r][\n]"
12:48:06.937 [main] DEBUG org.apache.http.wire - http-outgoing-0 << "Content-Type: application/json;charset=UTF-8[\r][\n]"
12:48:06.938 [main] DEBUG org.apache.http.wire - http-outgoing-0 << "Transfer-Encoding: chunked[\r][\n]"
12:48:06.942 [main] DEBUG org.apache.http.wire - http-outgoing-0 << "Connection: keep-alive[\r][\n]"
12:48:06.943 [main] DEBUG org.apache.http.wire - http-outgoing-0 << "X-RateLimit-Remaining: 9999[\r][\n]"
12:48:06.943 [main] DEBUG org.apache.http.wire - http-outgoing-0 << "X-RateLimit-Burst-Capacity: 10000[\r][\n]"
12:48:06.943 [main] DEBUG org.apache.http.wire - http-outgoing-0 << "X-RateLimit-Replenish-Rate: 30[\r][\n]"
12:48:06.943 [main] DEBUG org.apache.http.wire - http-outgoing-0 << "WWW-Authenticate: Basic realm="oauth2/client"[\r][\n]"
12:48:06.944 [main] DEBUG org.apache.http.wire - http-outgoing-0 << "X-Content-Type-Options: nosniff[\r][\n]"
12:48:06.944 [main] DEBUG org.apache.http.wire - http-outgoing-0 << "X-XSS-Protection: 1; mode=block[\r][\n]"
12:48:06.944 [main] DEBUG org.apache.http.wire - http-outgoing-0 << "Cache-Control: no-cache, no-store, max-age=0, must-revalidate[\r][\n]"
12:48:06.944 [main] DEBUG org.apache.http.wire - http-outgoing-0 << "Pragma: no-cache[\r][\n]"
12:48:06.944 [main] DEBUG org.apache.http.wire - http-outgoing-0 << "Expires: 0[\r][\n]"
12:48:06.944 [main] DEBUG org.apache.http.wire - http-outgoing-0 << "X-Frame-Options: DENY[\r][\n]"
12:48:06.945 [main] DEBUG org.apache.http.wire - http-outgoing-0 << "Referrer-Policy: no-referrer[\r][\n]"
12:48:06.945 [main] DEBUG org.apache.http.wire - http-outgoing-0 << "[\r][\n]"
12:48:06.945 [main] DEBUG org.apache.http.wire - http-outgoing-0 << "7f[\r][\n]"
12:48:06.946 [main] DEBUG org.apache.http.wire - http-outgoing-0 << "{"timestamp":"2019-07-21T04:45:37.439+0000","status":401,"error":"Unauthorized","message":"Unauthorized","path":"/oauth/token"}[\r][\n]"
12:48:06.946 [main] DEBUG org.apache.http.wire - http-outgoing-0 << "0[\r][\n]"
12:48:06.946 [main] DEBUG org.apache.http.wire - http-outgoing-0 << "[\r][\n]"
12:48:06.950 [main] DEBUG org.apache.http.headers - http-outgoing-0 << HTTP/1.1 401 Unauthorized
12:48:06.950 [main] DEBUG org.apache.http.headers - http-outgoing-0 << Server: Tengine
12:48:06.951 [main] DEBUG org.apache.http.headers - http-outgoing-0 << Date: Sun, 21 Jul 2019 04:45:37 GMT
12:48:06.952 [main] DEBUG org.apache.http.headers - http-outgoing-0 << Content-Type: application/json;charset=UTF-8
12:48:06.952 [main] DEBUG org.apache.http.headers - http-outgoing-0 << Transfer-Encoding: chunked
12:48:06.955 [main] DEBUG org.apache.http.headers - http-outgoing-0 << Connection: keep-alive
12:48:06.955 [main] DEBUG org.apache.http.headers - http-outgoing-0 << X-RateLimit-Remaining: 9999
12:48:06.955 [main] DEBUG org.apache.http.headers - http-outgoing-0 << X-RateLimit-Burst-Capacity: 10000
12:48:06.956 [main] DEBUG org.apache.http.headers - http-outgoing-0 << X-RateLimit-Replenish-Rate: 30
12:48:06.957 [main] DEBUG org.apache.http.headers - http-outgoing-0 << WWW-Authenticate: Basic realm="oauth2/client"
12:48:06.957 [main] DEBUG org.apache.http.headers - http-outgoing-0 << X-Content-Type-Options: nosniff
12:48:06.958 [main] DEBUG org.apache.http.headers - http-outgoing-0 << X-XSS-Protection: 1; mode=block
12:48:06.960 [main] DEBUG org.apache.http.headers - http-outgoing-0 << Cache-Control: no-cache, no-store, max-age=0, must-revalidate
12:48:06.961 [main] DEBUG org.apache.http.headers - http-outgoing-0 << Pragma: no-cache
12:48:06.963 [main] DEBUG org.apache.http.headers - http-outgoing-0 << Expires: 0
12:48:06.963 [main] DEBUG org.apache.http.headers - http-outgoing-0 << X-Frame-Options: DENY
12:48:06.963 [main] DEBUG org.apache.http.headers - http-outgoing-0 << Referrer-Policy: no-referrer
12:48:06.978 [main] DEBUG org.apache.http.impl.execchain.MainClientExec - Connection can be kept alive indefinitely
12:48:06.979 [main] DEBUG org.apache.http.impl.auth.HttpAuthenticator - Authentication required
12:48:06.981 [main] DEBUG org.apache.http.impl.auth.HttpAuthenticator - sirius-dev.ortiot.com:80 requested authentication
12:48:06.984 [main] DEBUG org.apache.http.impl.client.TargetAuthenticationStrategy - Authentication schemes in the order of preference: [Negotiate, Kerberos, NTLM, Digest, Basic]
12:48:06.985 [main] DEBUG org.apache.http.impl.client.TargetAuthenticationStrategy - Challenge for Negotiate authentication scheme not available
12:48:06.986 [main] DEBUG org.apache.http.impl.client.TargetAuthenticationStrategy - Challenge for Kerberos authentication scheme not available
12:48:06.987 [main] DEBUG org.apache.http.impl.client.TargetAuthenticationStrategy - Challenge for NTLM authentication scheme not available
12:48:06.992 [main] DEBUG org.apache.http.impl.client.TargetAuthenticationStrategy - Challenge for Digest authentication scheme not available
12:48:07.003 [main] DEBUG org.apache.http.impl.conn.PoolingHttpClientConnectionManager - Connection [id: 0][route: {}->http://sirius-dev.ortiot.com:80] can be kept alive indefinitely
12:48:07.003 [main] DEBUG org.apache.http.impl.conn.PoolingHttpClientConnectionManager - Connection released: [id: 0][route: {}->http://sirius-dev.ortiot.com:80][total kept alive: 1; route allocated: 1 of 2; total allocated: 1 of 20]
{"timestamp":"2019-07-21T04:45:37.439+0000","status":401,"error":"Unauthorized","message":"Unauthorized","path":"/oauth/token"}
[ERROR] 2019-07-21 12:48:07,003 method:com.course.utils.HttpClientUtil.httpPostJson(HttpClientUtil.java:164)
http://sirius-dev.ortiot.com/oauth/token接口请求异常请排查!!!--->错误码为：401
]]></system-out>
  </testcase>
  <testcase name="testIotApi" classname="com.course.controller.SuiteTestCaseCenter" time="0.16"/>
  <testcase name="testIotApi" classname="com.course.controller.SuiteTestCaseCenter" time="0.176"/>
  <testcase name="testIotApi" classname="com.course.controller.SuiteTestCaseCenter" time="0.124"/>
</testsuite>