<?xml version="1.0" encoding="UTF-8"?>
<testng-results skipped="0" failed="1" ignored="0" total="4" passed="3">
  <reporter-output>
  </reporter-output>
  <suite name="IOT接口测试" duration-ms="2082" started-at="2019-07-21T04:48:05Z" finished-at="2019-07-21T04:48:08Z">
    <groups>
    </groups>
    <test name="testApi" duration-ms="2082" started-at="2019-07-21T04:48:05Z" finished-at="2019-07-21T04:48:08Z">
      <class name="com.course.controller.SuiteTestCaseCenter">
        <test-method status="PASS" signature="getRequestHost()[pri:0, instance:com.course.controller.SuiteTestCaseCenter@1460a8c0]" name="getRequestHost" is-config="true" duration-ms="559" started-at="2019-07-21T12:48:05Z" finished-at="2019-07-21T12:48:06Z">
          <reporter-output>
          </reporter-output>
        </test-method> <!-- getRequestHost -->
        <test-method status="FAIL" signature="login()[pri:0, instance:com.course.controller.SuiteTestCaseCenter@1460a8c0]" name="login" duration-ms="588" started-at="2019-07-21T12:48:06Z" finished-at="2019-07-21T12:48:07Z">
          <exception class="java.lang.NullPointerException">
            <full-stacktrace>
              <![CDATA[java.lang.NullPointerException
	at com.course.utils.ProUtil.getMultipleJson(ProUtil.java:91)
	at com.course.controller.SuiteTestCaseCenter.login(SuiteTestCaseCenter.java:47)
	at sun.reflect.NativeMethodAccessorImpl.invoke0(Native Method)
	at sun.reflect.NativeMethodAccessorImpl.invoke(NativeMethodAccessorImpl.java:62)
	at sun.reflect.DelegatingMethodAccessorImpl.invoke(DelegatingMethodAccessorImpl.java:43)
	at java.lang.reflect.Method.invoke(Method.java:498)
	at org.testng.internal.MethodInvocationHelper.invokeMethod(MethodInvocationHelper.java:108)
	at org.testng.internal.Invoker.invokeMethod(Invoker.java:661)
	at org.testng.internal.Invoker.invokeTestMethod(Invoker.java:869)
	at org.testng.internal.Invoker.invokeTestMethods(Invoker.java:1193)
	at org.testng.internal.TestMethodWorker.invokeTestMethods(TestMethodWorker.java:126)
	at org.testng.internal.TestMethodWorker.run(TestMethodWorker.java:109)
	at org.testng.TestRunner.privateRun(TestRunner.java:744)
	at org.testng.TestRunner.run(TestRunner.java:602)
	at org.testng.SuiteRunner.runTest(SuiteRunner.java:380)
	at org.testng.SuiteRunner.runSequentially(SuiteRunner.java:375)
	at org.testng.SuiteRunner.privateRun(SuiteRunner.java:340)
	at org.testng.SuiteRunner.run(SuiteRunner.java:289)
	at org.testng.SuiteRunnerWorker.runSuite(SuiteRunnerWorker.java:52)
	at org.testng.SuiteRunnerWorker.run(SuiteRunnerWorker.java:86)
	at org.testng.TestNG.runSuitesSequentially(TestNG.java:1301)
	at org.testng.TestNG.runSuitesLocally(TestNG.java:1226)
	at org.testng.TestNG.runSuites(TestNG.java:1144)
	at org.testng.TestNG.run(TestNG.java:1115)
	at org.apache.maven.surefire.testng.TestNGExecutor.run(TestNGExecutor.java:283)
	at org.apache.maven.surefire.testng.TestNGXmlTestSuite.execute(TestNGXmlTestSuite.java:75)
	at org.apache.maven.surefire.testng.TestNGProvider.invoke(TestNGProvider.java:120)
	at org.apache.maven.surefire.booter.ForkedBooter.invokeProviderInSameClassLoader(ForkedBooter.java:373)
	at org.apache.maven.surefire.booter.ForkedBooter.runSuitesInProcess(ForkedBooter.java:334)
	at org.apache.maven.surefire.booter.ForkedBooter.execute(ForkedBooter.java:119)
	at org.apache.maven.surefire.booter.ForkedBooter.main(ForkedBooter.java:407)
]]>
            </full-stacktrace>
          </exception> <!-- java.lang.NullPointerException -->
          <reporter-output>
          </reporter-output>
        </test-method> <!-- login -->
        <test-method status="PASS" signature="testIotApi(com.course.model.IotApi)[pri:0, instance:com.course.controller.SuiteTestCaseCenter@1460a8c0]" name="testIotApi" duration-ms="160" started-at="2019-07-21T12:48:07Z" data-provider="iotDataProvider" finished-at="2019-07-21T12:48:07Z">
          <params>
            <param index="0">
              <value>
                <![CDATA[IotApi(id=2, api_address=/oauth/token, request_param=, request_method=POST, param_type=STRING, assert_value=芙杨Test, case_name=管理员登录
)]]>
              </value>
            </param>
          </params>
          <reporter-output>
          </reporter-output>
        </test-method> <!-- testIotApi -->
        <test-method status="PASS" signature="testIotApi(com.course.model.IotApi)[pri:0, instance:com.course.controller.SuiteTestCaseCenter@1460a8c0]" name="testIotApi" duration-ms="175" started-at="2019-07-21T12:48:07Z" data-provider="iotDataProvider" finished-at="2019-07-21T12:48:07Z">
          <params>
            <param index="0">
              <value>
                <![CDATA[IotApi(id=3, api_address=/polaris/user/cooperators/selection
, request_param=, request_method=PUT, param_type=STRING, assert_value=芙杨Test, case_name=选择运营商
)]]>
              </value>
            </param>
          </params>
          <reporter-output>
          </reporter-output>
        </test-method> <!-- testIotApi -->
        <test-method status="PASS" signature="testIotApi(com.course.model.IotApi)[pri:0, instance:com.course.controller.SuiteTestCaseCenter@1460a8c0]" name="testIotApi" duration-ms="125" started-at="2019-07-21T12:48:07Z" data-provider="iotDataProvider" finished-at="2019-07-21T12:48:07Z">
          <params>
            <param index="0">
              <value>
                <![CDATA[IotApi(id=4, api_address=/polaris/user/userInfo, request_param=?, request_method=GET, param_type=STRING, assert_value=芙杨Test, case_name=获取登录人信息接口(异常2))]]>
              </value>
            </param>
          </params>
          <reporter-output>
          </reporter-output>
        </test-method> <!-- testIotApi -->
        <test-method status="PASS" signature="initialize()[pri:0, instance:com.course.controller.SuiteTestCaseCenter@1460a8c0]" name="initialize" is-config="true" duration-ms="54" started-at="2019-07-21T12:48:07Z" finished-at="2019-07-21T12:48:08Z">
          <reporter-output>
          </reporter-output>
        </test-method> <!-- initialize -->
      </class> <!-- com.course.controller.SuiteTestCaseCenter -->
    </test> <!-- testApi -->
  </suite> <!-- IOT接口测试 -->
</testng-results>
