<?xml version="1.0" encoding="UTF-8"?>
<testng-results skipped="0" failed="0" ignored="0" total="1" passed="1">
  <reporter-output>
  </reporter-output>
  <suite name="TestSuite" duration-ms="1282" started-at="2018-11-02T12:53:59Z" finished-at="2018-11-02T12:54:01Z">
    <groups>
    </groups>
    <test name="CaseCenter" duration-ms="1282" started-at="2018-11-02T12:53:59Z" finished-at="2018-11-02T12:54:01Z">
      <class name="com.course.testcase.SuiteTestCaseCenter">
        <test-method status="PASS" signature="beforeClass()[pri:0, instance:com.course.testcase.SuiteTestCaseCenter@6ad5c04e]" name="beforeClass" is-config="true" duration-ms="937" started-at="2018-11-02T20:53:59Z" finished-at="2018-11-02T20:54:00Z">
          <reporter-output>
          </reporter-output>
        </test-method> <!-- beforeClass -->
        <test-method status="PASS" signature="testCaseCenter()[pri:0, instance:com.course.testcase.SuiteTestCaseCenter@6ad5c04e]" name="testCaseCenter" duration-ms="287" started-at="2018-11-02T20:54:00Z" finished-at="2018-11-02T20:54:01Z">
          <reporter-output>
          </reporter-output>
        </test-method> <!-- testCaseCenter -->
        <test-method status="PASS" signature="afterClass()[pri:0, instance:com.course.testcase.SuiteTestCaseCenter@6ad5c04e]" name="afterClass" is-config="true" duration-ms="3" started-at="2018-11-02T20:54:01Z" finished-at="2018-11-02T20:54:01Z">
          <reporter-output>
          </reporter-output>
        </test-method> <!-- afterClass -->
      </class> <!-- com.course.testcase.SuiteTestCaseCenter -->
    </test> <!-- CaseCenter -->
  </suite> <!-- TestSuite -->
</testng-results>
