<?xml version="1.0" encoding="UTF-8"?>
<!-- Generated by org.testng.reporters.JUnitXMLReporter -->
<testsuite hostname="zldeMBP-4" ignored="0" name="testApi" tests="4" failures="1" timestamp="21 七月 2019 04:48:08 GMT" time="2.082" errors="0">
  <testcase name="login" time="0.588" classname="com.course.controller.SuiteTestCaseCenter">
    <failure type="java.lang.NullPointerException">
      <![CDATA[java.lang.NullPointerException
	at com.course.utils.ProUtil.getMultipleJson(ProUtil.java:91)
	at com.course.controller.SuiteTestCaseCenter.login(SuiteTestCaseCenter.java:47)
... Removed 29 stack frames]]>
    </failure>
  </testcase> <!-- login -->
  <testcase name="testIotApi" time="0.16" classname="com.course.controller.SuiteTestCaseCenter"/>
  <testcase name="testIotApi" time="0.175" classname="com.course.controller.SuiteTestCaseCenter"/>
  <testcase name="testIotApi" time="0.125" classname="com.course.controller.SuiteTestCaseCenter"/>
</testsuite> <!-- testApi -->
